<?xml version="1.0" encoding="UTF-8"?>
<testng-results skipped="0" failed="0" ignored="0" total="3" passed="3">
  <reporter-output>
  </reporter-output>
  <suite name="Default suite" duration-ms="85" started-at="2021-09-21T16:57:11 IST" finished-at="2021-09-21T16:57:11 IST">
    <groups>
    </groups>
    <test name="Default test" duration-ms="85" started-at="2021-09-21T16:57:11 IST" finished-at="2021-09-21T16:57:11 IST">
      <class name="com.cast.ContactsTest.Contact">
        <test-method status="PASS" signature="createContactTest()[pri:0, instance:com.cast.ContactsTest.Contact@4d41cee]" name="createContactTest" duration-ms="13" started-at="2021-09-21T16:57:11 IST" finished-at="2021-09-21T16:57:11 IST">
          <reporter-output>
          </reporter-output>
        </test-method> <!-- createContactTest -->
        <test-method status="PASS" signature="createContactWithOrgTest()[pri:0, instance:com.cast.ContactsTest.Contact@4d41cee]" name="createContactWithOrgTest" duration-ms="2" started-at="2021-09-21T16:57:11 IST" finished-at="2021-09-21T16:57:11 IST">
          <reporter-output>
          </reporter-output>
        </test-method> <!-- createContactWithOrgTest -->
        <test-method status="PASS" signature="deletContactTest()[pri:0, instance:com.cast.ContactsTest.Contact@4d41cee]" name="deletContactTest" duration-ms="4" started-at="2021-09-21T16:57:11 IST" finished-at="2021-09-21T16:57:11 IST">
          <reporter-output>
          </reporter-output>
        </test-method> <!-- deletContactTest -->
      </class> <!-- com.cast.ContactsTest.Contact -->
    </test> <!-- Default test -->
  </suite> <!-- Default suite -->
</testng-results>
